2020-11-29 20:01:36,718:INFO:PyCaret Classification Module
2020-11-29 20:01:36,718:INFO:version 2.1.2
2020-11-29 20:01:36,718:INFO:Initializing setup()
2020-11-29 20:01:36,718:INFO:USI: 446b
2020-11-29 20:01:36,719:INFO:setup(data=(303, 41), target=new_cases, train_size=0.7, sampling=True, sample_estimator=None, categorical_features=None, categorical_imputation=constant, ordinal_features=None,
                    high_cardinality_features=None, high_cardinality_method=frequency, numeric_features=None, numeric_imputation=mean, date_features=None, ignore_features=None, normalize=False,
                    normalize_method=zscore, transformation=False, transformation_method=yeo-johnson, handle_unknown_categorical=True, unknown_categorical_method=least_frequent, pca=False, pca_method=linear,
                    pca_components=None, ignore_low_variance=False, combine_rare_levels=False, rare_level_threshold=0.1, bin_numeric_features=None, remove_outliers=False, outliers_threshold=0.05,
                    remove_multicollinearity=False, multicollinearity_threshold=0.9, remove_perfect_collinearity=False, create_clusters=False, cluster_iter=20,
                    polynomial_features=False, polynomial_degree=2, trigonometry_features=False, polynomial_threshold=0.1, group_features=None,
                    group_names=None, feature_selection=False, feature_selection_threshold=0.8, feature_interaction=False, feature_ratio=False, interaction_threshold=0.01,
                    fix_imbalance=False, fix_imbalance_method=None, data_split_shuffle=True, folds_shuffle=False, n_jobs=-1, html=False, session_id=None, log_experiment=False,
                    experiment_name=None, log_plots=False, log_profile=False, log_data=False, silent=True, verbose=False, profile=False)
2020-11-29 20:01:36,719:INFO:Checking environment
2020-11-29 20:01:36,719:INFO:python_version: 3.7.4
2020-11-29 20:01:36,719:INFO:python_build: ('tags/v3.7.4:e09359112e', 'Jul  8 2019 20:34:20')
2020-11-29 20:01:36,719:INFO:machine: AMD64
2020-11-29 20:01:36,719:INFO:platform: Windows-10-10.0.18362-SP0
2020-11-29 20:01:36,748:INFO:Memory: svmem(total=34209316864, available=19989024768, percent=41.6, used=14220292096, free=19989024768)
2020-11-29 20:01:36,748:INFO:Physical Core: 6
2020-11-29 20:01:36,748:INFO:Logical Core: 12
2020-11-29 20:01:36,748:INFO:Checking libraries
2020-11-29 20:01:36,748:INFO:pd==1.1.0
2020-11-29 20:01:36,748:INFO:numpy==1.19.1
2020-11-29 20:01:38,588:INFO:sklearn==0.23.1
2020-11-29 20:01:39,488:INFO:xgboost==1.1.1
2020-11-29 20:01:39,620:INFO:lightgbm==3.0.0
2020-11-29 20:01:40,009:INFO:catboost==0.24.1
2020-11-29 20:01:40,994:INFO:mlflow==1.8.0
2020-11-29 20:01:40,994:INFO:Checking Exceptions
2020-11-29 20:01:40,994:INFO:Preloading libraries
2020-11-29 20:01:40,994:INFO:Preparing display monitor
2020-11-29 20:01:41,000:INFO:Importing libraries
2020-11-29 20:01:42,635:INFO:Declaring global variables
2020-11-29 20:01:42,635:INFO:Copying data for preprocessing
2020-11-29 20:01:42,636:INFO:Declaring preprocessing parameters
2020-11-29 20:01:42,636:INFO:Importing preprocessing module
2020-11-29 20:01:43,963:INFO:Creating preprocessing pipeline
2020-11-29 20:01:44,047:INFO:Preprocessing pipeline created successfully
2020-11-29 20:01:44,047:ERROR:(Process Exit): setup has been interupted with user command 'quit'. setup must rerun.
2020-11-29 20:01:44,047:INFO:Creating grid variables
2020-11-29 20:01:44,048:INFO:Creating global containers
2020-11-29 20:04:39,308:INFO:PyCaret Classification Module
2020-11-29 20:04:39,308:INFO:version 2.1.2
2020-11-29 20:04:39,308:INFO:Initializing setup()
2020-11-29 20:04:39,309:INFO:USI: 3618
2020-11-29 20:04:39,310:INFO:setup(data=(303, 40), target=0          1
1          0
2          0
3          1
4          0
       ...  
298    37975
299    44376
300    44489
301    43082
302    41322
Name: new_cases, Length: 303, dtype: int64, train_size=0.7, sampling=True, sample_estimator=None, categorical_features=None, categorical_imputation=constant, ordinal_features=None,
                    high_cardinality_features=None, high_cardinality_method=frequency, numeric_features=None, numeric_imputation=mean, date_features=None, ignore_features=None, normalize=False,
                    normalize_method=zscore, transformation=False, transformation_method=yeo-johnson, handle_unknown_categorical=True, unknown_categorical_method=least_frequent, pca=False, pca_method=linear,
                    pca_components=None, ignore_low_variance=False, combine_rare_levels=False, rare_level_threshold=0.1, bin_numeric_features=None, remove_outliers=False, outliers_threshold=0.05,
                    remove_multicollinearity=False, multicollinearity_threshold=0.9, remove_perfect_collinearity=False, create_clusters=False, cluster_iter=20,
                    polynomial_features=False, polynomial_degree=2, trigonometry_features=False, polynomial_threshold=0.1, group_features=None,
                    group_names=None, feature_selection=False, feature_selection_threshold=0.8, feature_interaction=False, feature_ratio=False, interaction_threshold=0.01,
                    fix_imbalance=False, fix_imbalance_method=None, data_split_shuffle=True, folds_shuffle=False, n_jobs=-1, html=False, session_id=None, log_experiment=False,
                    experiment_name=None, log_plots=False, log_profile=False, log_data=False, silent=True, verbose=False, profile=False)
2020-11-29 20:04:39,310:INFO:Checking environment
2020-11-29 20:04:39,310:INFO:python_version: 3.7.4
2020-11-29 20:04:39,311:INFO:python_build: ('tags/v3.7.4:e09359112e', 'Jul  8 2019 20:34:20')
2020-11-29 20:04:39,311:INFO:machine: AMD64
2020-11-29 20:04:39,311:INFO:platform: Windows-10-10.0.18362-SP0
2020-11-29 20:04:39,311:INFO:Memory: svmem(total=34209316864, available=19806154752, percent=42.1, used=14403162112, free=19806154752)
2020-11-29 20:04:39,311:INFO:Physical Core: 6
2020-11-29 20:04:39,311:INFO:Logical Core: 12
2020-11-29 20:04:39,311:INFO:Checking libraries
2020-11-29 20:04:39,311:INFO:pd==1.1.0
2020-11-29 20:04:39,311:INFO:numpy==1.19.1
2020-11-29 20:04:39,311:INFO:sklearn==0.23.1
2020-11-29 20:04:39,311:INFO:xgboost==1.1.1
2020-11-29 20:04:39,311:INFO:lightgbm==3.0.0
2020-11-29 20:04:39,311:INFO:catboost==0.24.1
2020-11-29 20:04:39,311:INFO:mlflow==1.8.0
2020-11-29 20:04:39,311:INFO:Checking Exceptions
2020-11-29 20:06:00,366:INFO:PyCaret Classification Module
2020-11-29 20:06:00,366:INFO:version 2.1.2
2020-11-29 20:06:00,367:INFO:Initializing setup()
2020-11-29 20:06:00,367:INFO:USI: d8a2
2020-11-29 20:06:00,368:INFO:setup(data=(303, 40), target=0          1
1          0
2          0
3          1
4          0
       ...  
298    37975
299    44376
300    44489
301    43082
302    41322
Name: new_cases, Length: 303, dtype: int64, train_size=0.7, sampling=True, sample_estimator=None, categorical_features=None, categorical_imputation=constant, ordinal_features=None,
                    high_cardinality_features=None, high_cardinality_method=frequency, numeric_features=None, numeric_imputation=mean, date_features=None, ignore_features=None, normalize=False,
                    normalize_method=zscore, transformation=False, transformation_method=yeo-johnson, handle_unknown_categorical=True, unknown_categorical_method=least_frequent, pca=False, pca_method=linear,
                    pca_components=None, ignore_low_variance=False, combine_rare_levels=False, rare_level_threshold=0.1, bin_numeric_features=None, remove_outliers=False, outliers_threshold=0.05,
                    remove_multicollinearity=False, multicollinearity_threshold=0.9, remove_perfect_collinearity=False, create_clusters=False, cluster_iter=20,
                    polynomial_features=False, polynomial_degree=2, trigonometry_features=False, polynomial_threshold=0.1, group_features=None,
                    group_names=None, feature_selection=False, feature_selection_threshold=0.8, feature_interaction=False, feature_ratio=False, interaction_threshold=0.01,
                    fix_imbalance=False, fix_imbalance_method=None, data_split_shuffle=True, folds_shuffle=False, n_jobs=-1, html=True, session_id=None, log_experiment=False,
                    experiment_name=None, log_plots=False, log_profile=False, log_data=False, silent=False, verbose=True, profile=False)
2020-11-29 20:06:00,368:INFO:Checking environment
2020-11-29 20:06:00,368:INFO:python_version: 3.7.4
2020-11-29 20:06:00,368:INFO:python_build: ('tags/v3.7.4:e09359112e', 'Jul  8 2019 20:34:20')
2020-11-29 20:06:00,368:INFO:machine: AMD64
2020-11-29 20:06:00,368:INFO:platform: Windows-10-10.0.18362-SP0
2020-11-29 20:06:00,368:INFO:Memory: svmem(total=34209316864, available=19821105152, percent=42.1, used=14388211712, free=19821105152)
2020-11-29 20:06:00,368:INFO:Physical Core: 6
2020-11-29 20:06:00,369:INFO:Logical Core: 12
2020-11-29 20:06:00,369:INFO:Checking libraries
2020-11-29 20:06:00,369:INFO:pd==1.1.0
2020-11-29 20:06:00,369:INFO:numpy==1.19.1
2020-11-29 20:06:00,369:INFO:sklearn==0.23.1
2020-11-29 20:06:00,369:INFO:xgboost==1.1.1
2020-11-29 20:06:00,369:INFO:lightgbm==3.0.0
2020-11-29 20:06:00,369:INFO:catboost==0.24.1
2020-11-29 20:06:00,369:INFO:mlflow==1.8.0
2020-11-29 20:06:00,369:INFO:Checking Exceptions
2020-11-29 20:10:01,551:INFO:PyCaret Classification Module
2020-11-29 20:10:01,551:INFO:version 2.1.2
2020-11-29 20:10:01,551:INFO:Initializing setup()
2020-11-29 20:10:01,551:INFO:USI: 1d1c
2020-11-29 20:10:01,552:INFO:setup(data=(242, 40), target=0         26
1         40
2         89
3        119
4         53
       ...  
237    45209
238    44059
239    37975
240    44376
241    44489
Name: new_cases, Length: 242, dtype: int64, train_size=0.7, sampling=True, sample_estimator=None, categorical_features=None, categorical_imputation=constant, ordinal_features=None,
                    high_cardinality_features=None, high_cardinality_method=frequency, numeric_features=None, numeric_imputation=mean, date_features=None, ignore_features=None, normalize=False,
                    normalize_method=zscore, transformation=False, transformation_method=yeo-johnson, handle_unknown_categorical=True, unknown_categorical_method=least_frequent, pca=False, pca_method=linear,
                    pca_components=None, ignore_low_variance=False, combine_rare_levels=False, rare_level_threshold=0.1, bin_numeric_features=None, remove_outliers=False, outliers_threshold=0.05,
                    remove_multicollinearity=False, multicollinearity_threshold=0.9, remove_perfect_collinearity=False, create_clusters=False, cluster_iter=20,
                    polynomial_features=False, polynomial_degree=2, trigonometry_features=False, polynomial_threshold=0.1, group_features=None,
                    group_names=None, feature_selection=False, feature_selection_threshold=0.8, feature_interaction=False, feature_ratio=False, interaction_threshold=0.01,
                    fix_imbalance=False, fix_imbalance_method=None, data_split_shuffle=True, folds_shuffle=False, n_jobs=-1, html=True, session_id=None, log_experiment=False,
                    experiment_name=None, log_plots=False, log_profile=False, log_data=False, silent=False, verbose=True, profile=False)
2020-11-29 20:10:01,552:INFO:Checking environment
2020-11-29 20:10:01,552:INFO:python_version: 3.7.4
2020-11-29 20:10:01,552:INFO:python_build: ('tags/v3.7.4:e09359112e', 'Jul  8 2019 20:34:20')
2020-11-29 20:10:01,552:INFO:machine: AMD64
2020-11-29 20:10:01,553:INFO:platform: Windows-10-10.0.18362-SP0
2020-11-29 20:10:01,553:INFO:Memory: svmem(total=34209316864, available=19606671360, percent=42.7, used=14602645504, free=19606671360)
2020-11-29 20:10:01,553:INFO:Physical Core: 6
2020-11-29 20:10:01,553:INFO:Logical Core: 12
2020-11-29 20:10:01,553:INFO:Checking libraries
2020-11-29 20:10:01,553:INFO:pd==1.1.0
2020-11-29 20:10:01,553:INFO:numpy==1.19.1
2020-11-29 20:10:01,553:INFO:sklearn==0.23.1
2020-11-29 20:10:01,553:INFO:xgboost==1.1.1
2020-11-29 20:10:01,554:INFO:lightgbm==3.0.0
2020-11-29 20:10:01,554:INFO:catboost==0.24.1
2020-11-29 20:10:01,554:INFO:mlflow==1.8.0
2020-11-29 20:10:01,554:INFO:Checking Exceptions
2020-11-29 20:11:08,719:INFO:PyCaret Classification Module
2020-11-29 20:11:08,720:INFO:version 2.1.2
2020-11-29 20:11:08,720:INFO:Initializing setup()
2020-11-29 20:11:08,720:INFO:USI: 8e1a
2020-11-29 20:11:08,721:INFO:setup(data=(240, 39), target=0         26
1         40
2         89
3        119
4         53
       ...  
235    45209
236    44059
237    37975
238    44376
239    44489
Name: new_cases, Length: 240, dtype: int64, train_size=0.7, sampling=True, sample_estimator=None, categorical_features=None, categorical_imputation=constant, ordinal_features=None,
                    high_cardinality_features=None, high_cardinality_method=frequency, numeric_features=None, numeric_imputation=mean, date_features=None, ignore_features=None, normalize=False,
                    normalize_method=zscore, transformation=False, transformation_method=yeo-johnson, handle_unknown_categorical=True, unknown_categorical_method=least_frequent, pca=False, pca_method=linear,
                    pca_components=None, ignore_low_variance=False, combine_rare_levels=False, rare_level_threshold=0.1, bin_numeric_features=None, remove_outliers=False, outliers_threshold=0.05,
                    remove_multicollinearity=False, multicollinearity_threshold=0.9, remove_perfect_collinearity=False, create_clusters=False, cluster_iter=20,
                    polynomial_features=False, polynomial_degree=2, trigonometry_features=False, polynomial_threshold=0.1, group_features=None,
                    group_names=None, feature_selection=False, feature_selection_threshold=0.8, feature_interaction=False, feature_ratio=False, interaction_threshold=0.01,
                    fix_imbalance=False, fix_imbalance_method=None, data_split_shuffle=True, folds_shuffle=False, n_jobs=-1, html=True, session_id=None, log_experiment=False,
                    experiment_name=None, log_plots=False, log_profile=False, log_data=False, silent=False, verbose=True, profile=False)
2020-11-29 20:11:08,721:INFO:Checking environment
2020-11-29 20:11:08,721:INFO:python_version: 3.7.4
2020-11-29 20:11:08,721:INFO:python_build: ('tags/v3.7.4:e09359112e', 'Jul  8 2019 20:34:20')
2020-11-29 20:11:08,721:INFO:machine: AMD64
2020-11-29 20:11:08,721:INFO:platform: Windows-10-10.0.18362-SP0
2020-11-29 20:11:08,721:INFO:Memory: svmem(total=34209316864, available=19563851776, percent=42.8, used=14645465088, free=19563851776)
2020-11-29 20:11:08,721:INFO:Physical Core: 6
2020-11-29 20:11:08,721:INFO:Logical Core: 12
2020-11-29 20:11:08,721:INFO:Checking libraries
2020-11-29 20:11:08,722:INFO:pd==1.1.0
2020-11-29 20:11:08,722:INFO:numpy==1.19.1
2020-11-29 20:11:08,722:INFO:sklearn==0.23.1
2020-11-29 20:11:08,722:INFO:xgboost==1.1.1
2020-11-29 20:11:08,722:INFO:lightgbm==3.0.0
2020-11-29 20:11:08,722:INFO:catboost==0.24.1
2020-11-29 20:11:08,722:INFO:mlflow==1.8.0
2020-11-29 20:11:08,722:INFO:Checking Exceptions
2020-11-29 20:11:34,543:INFO:PyCaret Classification Module
2020-11-29 20:11:34,543:INFO:version 2.1.2
2020-11-29 20:11:34,543:INFO:Initializing setup()
2020-11-29 20:11:34,544:INFO:USI: 694b
2020-11-29 20:11:34,544:INFO:setup(data=(240, 39), target=0         26
1         40
2         89
3        119
4         53
       ...  
235    45209
236    44059
237    37975
238    44376
239    44489
Name: new_cases, Length: 240, dtype: int64, train_size=0.7, sampling=True, sample_estimator=None, categorical_features=None, categorical_imputation=constant, ordinal_features=None,
                    high_cardinality_features=None, high_cardinality_method=frequency, numeric_features=None, numeric_imputation=mean, date_features=None, ignore_features=None, normalize=False,
                    normalize_method=zscore, transformation=False, transformation_method=yeo-johnson, handle_unknown_categorical=True, unknown_categorical_method=least_frequent, pca=False, pca_method=linear,
                    pca_components=None, ignore_low_variance=False, combine_rare_levels=False, rare_level_threshold=0.1, bin_numeric_features=None, remove_outliers=False, outliers_threshold=0.05,
                    remove_multicollinearity=False, multicollinearity_threshold=0.9, remove_perfect_collinearity=False, create_clusters=False, cluster_iter=20,
                    polynomial_features=False, polynomial_degree=2, trigonometry_features=False, polynomial_threshold=0.1, group_features=None,
                    group_names=None, feature_selection=False, feature_selection_threshold=0.8, feature_interaction=False, feature_ratio=False, interaction_threshold=0.01,
                    fix_imbalance=False, fix_imbalance_method=None, data_split_shuffle=True, folds_shuffle=False, n_jobs=-1, html=True, session_id=None, log_experiment=False,
                    experiment_name=None, log_plots=False, log_profile=False, log_data=False, silent=False, verbose=True, profile=False)
2020-11-29 20:11:34,545:INFO:Checking environment
2020-11-29 20:11:34,545:INFO:python_version: 3.7.4
2020-11-29 20:11:34,545:INFO:python_build: ('tags/v3.7.4:e09359112e', 'Jul  8 2019 20:34:20')
2020-11-29 20:11:34,545:INFO:machine: AMD64
2020-11-29 20:11:34,545:INFO:platform: Windows-10-10.0.18362-SP0
2020-11-29 20:11:34,556:INFO:Memory: svmem(total=34209316864, available=19750391808, percent=42.3, used=14458925056, free=19750391808)
2020-11-29 20:11:34,556:INFO:Physical Core: 6
2020-11-29 20:11:34,556:INFO:Logical Core: 12
2020-11-29 20:11:34,556:INFO:Checking libraries
2020-11-29 20:11:34,556:INFO:pd==1.1.0
2020-11-29 20:11:34,556:INFO:numpy==1.19.1
2020-11-29 20:11:34,873:INFO:sklearn==0.23.1
2020-11-29 20:11:35,270:INFO:xgboost==1.1.1
2020-11-29 20:11:35,311:INFO:lightgbm==3.0.0
2020-11-29 20:11:35,349:INFO:catboost==0.24.1
2020-11-29 20:11:36,129:INFO:mlflow==1.8.0
2020-11-29 20:11:36,129:INFO:Checking Exceptions
2020-11-29 20:12:30,803:INFO:PyCaret Classification Module
2020-11-29 20:12:30,803:INFO:version 2.1.2
2020-11-29 20:12:30,803:INFO:Initializing setup()
2020-11-29 20:12:30,803:INFO:USI: d3bc
2020-11-29 20:12:30,803:INFO:setup(data=(240, 39), target=new_cases, train_size=0.7, sampling=True, sample_estimator=None, categorical_features=None, categorical_imputation=constant, ordinal_features=None,
                    high_cardinality_features=None, high_cardinality_method=frequency, numeric_features=None, numeric_imputation=mean, date_features=None, ignore_features=None, normalize=False,
                    normalize_method=zscore, transformation=False, transformation_method=yeo-johnson, handle_unknown_categorical=True, unknown_categorical_method=least_frequent, pca=False, pca_method=linear,
                    pca_components=None, ignore_low_variance=False, combine_rare_levels=False, rare_level_threshold=0.1, bin_numeric_features=None, remove_outliers=False, outliers_threshold=0.05,
                    remove_multicollinearity=False, multicollinearity_threshold=0.9, remove_perfect_collinearity=False, create_clusters=False, cluster_iter=20,
                    polynomial_features=False, polynomial_degree=2, trigonometry_features=False, polynomial_threshold=0.1, group_features=None,
                    group_names=None, feature_selection=False, feature_selection_threshold=0.8, feature_interaction=False, feature_ratio=False, interaction_threshold=0.01,
                    fix_imbalance=False, fix_imbalance_method=None, data_split_shuffle=True, folds_shuffle=False, n_jobs=-1, html=True, session_id=None, log_experiment=False,
                    experiment_name=None, log_plots=False, log_profile=False, log_data=False, silent=False, verbose=True, profile=False)
2020-11-29 20:12:30,803:INFO:Checking environment
2020-11-29 20:12:30,803:INFO:python_version: 3.7.4
2020-11-29 20:12:30,803:INFO:python_build: ('tags/v3.7.4:e09359112e', 'Jul  8 2019 20:34:20')
2020-11-29 20:12:30,803:INFO:machine: AMD64
2020-11-29 20:12:30,803:INFO:platform: Windows-10-10.0.18362-SP0
2020-11-29 20:12:30,804:INFO:Memory: svmem(total=34209316864, available=19750051840, percent=42.3, used=14459265024, free=19750051840)
2020-11-29 20:12:30,804:INFO:Physical Core: 6
2020-11-29 20:12:30,804:INFO:Logical Core: 12
2020-11-29 20:12:30,804:INFO:Checking libraries
2020-11-29 20:12:30,804:INFO:pd==1.1.0
2020-11-29 20:12:30,804:INFO:numpy==1.19.1
2020-11-29 20:12:30,804:INFO:sklearn==0.23.1
2020-11-29 20:12:30,804:INFO:xgboost==1.1.1
2020-11-29 20:12:30,804:INFO:lightgbm==3.0.0
2020-11-29 20:12:30,804:INFO:catboost==0.24.1
2020-11-29 20:12:30,804:INFO:mlflow==1.8.0
2020-11-29 20:12:30,804:INFO:Checking Exceptions
2020-11-29 20:12:48,039:INFO:PyCaret Classification Module
2020-11-29 20:12:48,039:INFO:version 2.1.2
2020-11-29 20:12:48,039:INFO:Initializing setup()
2020-11-29 20:12:48,039:INFO:USI: b9bd
2020-11-29 20:12:48,039:INFO:setup(data=(240, 40), target=new_cases, train_size=0.7, sampling=True, sample_estimator=None, categorical_features=None, categorical_imputation=constant, ordinal_features=None,
                    high_cardinality_features=None, high_cardinality_method=frequency, numeric_features=None, numeric_imputation=mean, date_features=None, ignore_features=None, normalize=False,
                    normalize_method=zscore, transformation=False, transformation_method=yeo-johnson, handle_unknown_categorical=True, unknown_categorical_method=least_frequent, pca=False, pca_method=linear,
                    pca_components=None, ignore_low_variance=False, combine_rare_levels=False, rare_level_threshold=0.1, bin_numeric_features=None, remove_outliers=False, outliers_threshold=0.05,
                    remove_multicollinearity=False, multicollinearity_threshold=0.9, remove_perfect_collinearity=False, create_clusters=False, cluster_iter=20,
                    polynomial_features=False, polynomial_degree=2, trigonometry_features=False, polynomial_threshold=0.1, group_features=None,
                    group_names=None, feature_selection=False, feature_selection_threshold=0.8, feature_interaction=False, feature_ratio=False, interaction_threshold=0.01,
                    fix_imbalance=False, fix_imbalance_method=None, data_split_shuffle=True, folds_shuffle=False, n_jobs=-1, html=True, session_id=None, log_experiment=False,
                    experiment_name=None, log_plots=False, log_profile=False, log_data=False, silent=False, verbose=True, profile=False)
2020-11-29 20:12:48,039:INFO:Checking environment
2020-11-29 20:12:48,040:INFO:python_version: 3.7.4
2020-11-29 20:12:48,040:INFO:python_build: ('tags/v3.7.4:e09359112e', 'Jul  8 2019 20:34:20')
2020-11-29 20:12:48,040:INFO:machine: AMD64
2020-11-29 20:12:48,040:INFO:platform: Windows-10-10.0.18362-SP0
2020-11-29 20:12:48,040:INFO:Memory: svmem(total=34209316864, available=19753893888, percent=42.3, used=14455422976, free=19753893888)
2020-11-29 20:12:48,040:INFO:Physical Core: 6
2020-11-29 20:12:48,040:INFO:Logical Core: 12
2020-11-29 20:12:48,040:INFO:Checking libraries
2020-11-29 20:12:48,041:INFO:pd==1.1.0
2020-11-29 20:12:48,041:INFO:numpy==1.19.1
2020-11-29 20:12:48,041:INFO:sklearn==0.23.1
2020-11-29 20:12:48,041:INFO:xgboost==1.1.1
2020-11-29 20:12:48,041:INFO:lightgbm==3.0.0
2020-11-29 20:12:48,041:INFO:catboost==0.24.1
2020-11-29 20:12:48,041:INFO:mlflow==1.8.0
2020-11-29 20:12:48,041:INFO:Checking Exceptions
2020-11-29 20:12:48,041:INFO:Preloading libraries
2020-11-29 20:12:48,042:INFO:Preparing display monitor
2020-11-29 20:12:48,053:INFO:Importing libraries
2020-11-29 20:12:48,837:INFO:Declaring global variables
2020-11-29 20:12:48,838:INFO:Copying data for preprocessing
2020-11-29 20:12:48,842:INFO:Declaring preprocessing parameters
2020-11-29 20:12:48,842:INFO:Importing preprocessing module
2020-11-29 20:12:49,327:INFO:Creating preprocessing pipeline
2020-11-29 20:13:06,365:INFO:Preprocessing pipeline created successfully
2020-11-29 20:13:06,365:INFO:Creating grid variables
2020-11-29 20:13:06,366:INFO:Creating global containers
2020-11-29 20:13:52,063:INFO:PyCaret Classification Module
2020-11-29 20:13:52,063:INFO:version 2.1.2
2020-11-29 20:13:52,063:INFO:Initializing setup()
2020-11-29 20:13:52,063:INFO:USI: 117f
2020-11-29 20:13:52,063:INFO:setup(data=(240, 40), target=new_cases, train_size=0.7, sampling=True, sample_estimator=None, categorical_features=None, categorical_imputation=constant, ordinal_features=None,
                    high_cardinality_features=None, high_cardinality_method=frequency, numeric_features=None, numeric_imputation=mean, date_features=None, ignore_features=None, normalize=False,
                    normalize_method=zscore, transformation=False, transformation_method=yeo-johnson, handle_unknown_categorical=True, unknown_categorical_method=least_frequent, pca=False, pca_method=linear,
                    pca_components=None, ignore_low_variance=False, combine_rare_levels=False, rare_level_threshold=0.1, bin_numeric_features=None, remove_outliers=False, outliers_threshold=0.05,
                    remove_multicollinearity=False, multicollinearity_threshold=0.9, remove_perfect_collinearity=False, create_clusters=False, cluster_iter=20,
                    polynomial_features=False, polynomial_degree=2, trigonometry_features=False, polynomial_threshold=0.1, group_features=None,
                    group_names=None, feature_selection=False, feature_selection_threshold=0.8, feature_interaction=False, feature_ratio=False, interaction_threshold=0.01,
                    fix_imbalance=False, fix_imbalance_method=None, data_split_shuffle=True, folds_shuffle=False, n_jobs=-1, html=False, session_id=None, log_experiment=False,
                    experiment_name=None, log_plots=False, log_profile=False, log_data=False, silent=True, verbose=False, profile=False)
2020-11-29 20:13:52,063:INFO:Checking environment
2020-11-29 20:13:52,063:INFO:python_version: 3.7.4
2020-11-29 20:13:52,063:INFO:python_build: ('tags/v3.7.4:e09359112e', 'Jul  8 2019 20:34:20')
2020-11-29 20:13:52,063:INFO:machine: AMD64
2020-11-29 20:13:52,064:INFO:platform: Windows-10-10.0.18362-SP0
2020-11-29 20:13:52,064:INFO:Memory: svmem(total=34209316864, available=19634970624, percent=42.6, used=14574346240, free=19634970624)
2020-11-29 20:13:52,064:INFO:Physical Core: 6
2020-11-29 20:13:52,064:INFO:Logical Core: 12
2020-11-29 20:13:52,064:INFO:Checking libraries
2020-11-29 20:13:52,064:INFO:pd==1.1.0
2020-11-29 20:13:52,064:INFO:numpy==1.19.1
2020-11-29 20:13:52,064:INFO:sklearn==0.23.1
2020-11-29 20:13:52,064:INFO:xgboost==1.1.1
2020-11-29 20:13:52,064:INFO:lightgbm==3.0.0
2020-11-29 20:13:52,064:INFO:catboost==0.24.1
2020-11-29 20:13:52,064:INFO:mlflow==1.8.0
2020-11-29 20:13:52,064:INFO:Checking Exceptions
2020-11-29 20:13:52,064:INFO:Preloading libraries
2020-11-29 20:13:52,065:INFO:Preparing display monitor
2020-11-29 20:13:52,070:INFO:Importing libraries
2020-11-29 20:13:52,081:INFO:Declaring global variables
2020-11-29 20:13:52,081:INFO:Copying data for preprocessing
2020-11-29 20:13:52,081:INFO:Declaring preprocessing parameters
2020-11-29 20:13:52,081:INFO:Importing preprocessing module
2020-11-29 20:13:52,081:INFO:Creating preprocessing pipeline
2020-11-29 20:13:52,152:INFO:Preprocessing pipeline created successfully
2020-11-29 20:13:52,153:ERROR:(Process Exit): setup has been interupted with user command 'quit'. setup must rerun.
2020-11-29 20:13:52,153:INFO:Creating grid variables
2020-11-29 20:13:52,154:INFO:Creating global containers
2020-11-29 20:14:00,020:INFO:PyCaret Classification Module
2020-11-29 20:14:00,021:INFO:version 2.1.2
2020-11-29 20:14:00,021:INFO:Initializing setup()
2020-11-29 20:14:00,021:INFO:USI: 253f
2020-11-29 20:14:00,021:INFO:setup(data=(240, 40), target=new_cases, train_size=0.7, sampling=True, sample_estimator=None, categorical_features=None, categorical_imputation=constant, ordinal_features=None,
                    high_cardinality_features=None, high_cardinality_method=frequency, numeric_features=None, numeric_imputation=mean, date_features=None, ignore_features=None, normalize=False,
                    normalize_method=zscore, transformation=False, transformation_method=yeo-johnson, handle_unknown_categorical=True, unknown_categorical_method=least_frequent, pca=False, pca_method=linear,
                    pca_components=None, ignore_low_variance=False, combine_rare_levels=False, rare_level_threshold=0.1, bin_numeric_features=None, remove_outliers=False, outliers_threshold=0.05,
                    remove_multicollinearity=False, multicollinearity_threshold=0.9, remove_perfect_collinearity=False, create_clusters=False, cluster_iter=20,
                    polynomial_features=False, polynomial_degree=2, trigonometry_features=False, polynomial_threshold=0.1, group_features=None,
                    group_names=None, feature_selection=False, feature_selection_threshold=0.8, feature_interaction=False, feature_ratio=False, interaction_threshold=0.01,
                    fix_imbalance=False, fix_imbalance_method=None, data_split_shuffle=True, folds_shuffle=False, n_jobs=-1, html=True, session_id=None, log_experiment=False,
                    experiment_name=None, log_plots=False, log_profile=False, log_data=False, silent=False, verbose=True, profile=False)
2020-11-29 20:14:00,021:INFO:Checking environment
2020-11-29 20:14:00,021:INFO:python_version: 3.7.4
2020-11-29 20:14:00,021:INFO:python_build: ('tags/v3.7.4:e09359112e', 'Jul  8 2019 20:34:20')
2020-11-29 20:14:00,021:INFO:machine: AMD64
2020-11-29 20:14:00,021:INFO:platform: Windows-10-10.0.18362-SP0
2020-11-29 20:14:00,022:INFO:Memory: svmem(total=34209316864, available=19731251200, percent=42.3, used=14478065664, free=19731251200)
2020-11-29 20:14:00,022:INFO:Physical Core: 6
2020-11-29 20:14:00,022:INFO:Logical Core: 12
2020-11-29 20:14:00,022:INFO:Checking libraries
2020-11-29 20:14:00,022:INFO:pd==1.1.0
2020-11-29 20:14:00,022:INFO:numpy==1.19.1
2020-11-29 20:14:00,022:INFO:sklearn==0.23.1
2020-11-29 20:14:00,022:INFO:xgboost==1.1.1
2020-11-29 20:14:00,022:INFO:lightgbm==3.0.0
2020-11-29 20:14:00,022:INFO:catboost==0.24.1
2020-11-29 20:14:00,022:INFO:mlflow==1.8.0
2020-11-29 20:14:00,022:INFO:Checking Exceptions
2020-11-29 20:14:00,022:INFO:Preloading libraries
2020-11-29 20:14:00,022:INFO:Preparing display monitor
2020-11-29 20:14:00,035:INFO:Importing libraries
2020-11-29 20:14:00,048:INFO:Declaring global variables
2020-11-29 20:14:00,048:INFO:Copying data for preprocessing
2020-11-29 20:14:00,051:INFO:Declaring preprocessing parameters
2020-11-29 20:14:00,052:INFO:Importing preprocessing module
2020-11-29 20:14:00,052:INFO:Creating preprocessing pipeline
2020-11-29 20:14:09,908:INFO:Preprocessing pipeline created successfully
2020-11-29 20:14:09,909:INFO:Creating grid variables
2020-11-29 20:14:09,910:INFO:Creating global containers
2020-11-29 20:15:01,516:INFO:PyCaret Classification Module
2020-11-29 20:15:01,516:INFO:version 2.1.2
2020-11-29 20:15:01,516:INFO:Initializing setup()
2020-11-29 20:15:01,516:INFO:USI: ba02
2020-11-29 20:15:01,516:INFO:setup(data=(239, 40), target=new_cases, train_size=0.7, sampling=True, sample_estimator=None, categorical_features=None, categorical_imputation=constant, ordinal_features=None,
                    high_cardinality_features=None, high_cardinality_method=frequency, numeric_features=None, numeric_imputation=mean, date_features=None, ignore_features=None, normalize=False,
                    normalize_method=zscore, transformation=False, transformation_method=yeo-johnson, handle_unknown_categorical=True, unknown_categorical_method=least_frequent, pca=False, pca_method=linear,
                    pca_components=None, ignore_low_variance=False, combine_rare_levels=False, rare_level_threshold=0.1, bin_numeric_features=None, remove_outliers=False, outliers_threshold=0.05,
                    remove_multicollinearity=False, multicollinearity_threshold=0.9, remove_perfect_collinearity=False, create_clusters=False, cluster_iter=20,
                    polynomial_features=False, polynomial_degree=2, trigonometry_features=False, polynomial_threshold=0.1, group_features=None,
                    group_names=None, feature_selection=False, feature_selection_threshold=0.8, feature_interaction=False, feature_ratio=False, interaction_threshold=0.01,
                    fix_imbalance=False, fix_imbalance_method=None, data_split_shuffle=True, folds_shuffle=False, n_jobs=-1, html=True, session_id=None, log_experiment=False,
                    experiment_name=None, log_plots=False, log_profile=False, log_data=False, silent=False, verbose=True, profile=False)
2020-11-29 20:15:01,516:INFO:Checking environment
2020-11-29 20:15:01,516:INFO:python_version: 3.7.4
2020-11-29 20:15:01,516:INFO:python_build: ('tags/v3.7.4:e09359112e', 'Jul  8 2019 20:34:20')
2020-11-29 20:15:01,516:INFO:machine: AMD64
2020-11-29 20:15:01,516:INFO:platform: Windows-10-10.0.18362-SP0
2020-11-29 20:15:01,516:INFO:Memory: svmem(total=34209316864, available=19664850944, percent=42.5, used=14544465920, free=19664850944)
2020-11-29 20:15:01,517:INFO:Physical Core: 6
2020-11-29 20:15:01,517:INFO:Logical Core: 12
2020-11-29 20:15:01,517:INFO:Checking libraries
2020-11-29 20:15:01,517:INFO:pd==1.1.0
2020-11-29 20:15:01,517:INFO:numpy==1.19.1
2020-11-29 20:15:01,517:INFO:sklearn==0.23.1
2020-11-29 20:15:01,517:INFO:xgboost==1.1.1
2020-11-29 20:15:01,517:INFO:lightgbm==3.0.0
2020-11-29 20:15:01,517:INFO:catboost==0.24.1
2020-11-29 20:15:01,517:INFO:mlflow==1.8.0
2020-11-29 20:15:01,517:INFO:Checking Exceptions
2020-11-29 20:15:01,517:INFO:Preloading libraries
2020-11-29 20:15:01,517:INFO:Preparing display monitor
2020-11-29 20:15:01,528:INFO:Importing libraries
2020-11-29 20:15:01,537:INFO:Declaring global variables
2020-11-29 20:15:01,538:INFO:Copying data for preprocessing
2020-11-29 20:15:01,542:INFO:Declaring preprocessing parameters
2020-11-29 20:15:01,543:INFO:Importing preprocessing module
2020-11-29 20:15:01,543:INFO:Creating preprocessing pipeline
2020-11-29 20:15:02,598:INFO:Preprocessing pipeline created successfully
2020-11-29 20:15:02,598:INFO:Creating grid variables
2020-11-29 20:15:02,599:INFO:Creating global containers
